\BOOKMARK [1][-]{section.1}{Goal}{}% 1
\BOOKMARK [1][-]{section.2}{Model}{}% 2
\BOOKMARK [2][-]{subsection.2.1}{Variables}{section.2}% 3
\BOOKMARK [2][-]{subsection.2.2}{Robot}{section.2}% 4
\BOOKMARK [1][-]{section.3}{Controller and Observer}{}% 5
\BOOKMARK [2][-]{subsection.3.1}{Controller}{section.3}% 6
\BOOKMARK [2][-]{subsection.3.2}{Observer}{section.3}% 7
\BOOKMARK [1][-]{section.4}{Implementation}{}% 8
\BOOKMARK [2][-]{subsection.4.1}{Zero-Input System}{section.4}% 9
\BOOKMARK [2][-]{subsection.4.2}{Closed Loop System}{section.4}% 10
\BOOKMARK [2][-]{subsection.4.3}{Gain Scheduling}{section.4}% 11
\BOOKMARK [1][-]{section.5}{Testing}{}% 12
\BOOKMARK [2][-]{subsection.5.1}{Manipulating Gains}{section.5}% 13
\BOOKMARK [3][-]{subsubsection.5.1.1}{Controller One Gains}{subsection.5.1}% 14
\BOOKMARK [3][-]{subsubsection.5.1.2}{Controller Two Gains}{subsection.5.1}% 15
\BOOKMARK [3][-]{subsubsection.5.1.3}{Controller Three Gains}{subsection.5.1}% 16
\BOOKMARK [3][-]{subsubsection.5.1.4}{Analysis}{subsection.5.1}% 17
\BOOKMARK [1][-]{section.6}{Code}{}% 18
\BOOKMARK [2][-]{subsection.6.1}{Closed Loop}{section.6}% 19
\BOOKMARK [2][-]{subsection.6.2}{Gain Scheduling - "In Loop Design"}{section.6}% 20
